<?xml version="1.0" encoding="UTF-8"?>
<!-- Generated by org.testng.reporters.JUnitXMLReporter -->
<testsuite hostname="usnycpww9456.global.publicisgroupe.net" name="Preference Center Galaxy S5" tests="7" failures="0" timestamp="12 Jan 2016 17:39:48 GMT" time="312.46" errors="0">
  <testcase name="registerPage" time="26.611" classname="brand.test.MobilePreferenceCenter"/>
  <testcase name="invalidLogin" time="37.655" classname="brand.test.MobilePreferenceCenter"/>
  <testcase name="validLogin" time="24.847" classname="brand.test.MobilePreferenceCenter"/>
  <testcase name="editProfile" time="28.512" classname="brand.test.MobilePreferenceCenter"/>
  <testcase name="resetPassword" time="60.327" classname="brand.test.MobilePreferenceCenter"/>
  <testcase name="setPassword" time="47.135" classname="brand.test.MobilePreferenceCenter"/>
  <testcase name="loginAndLogout" time="10.563" classname="brand.test.MobilePreferenceCenter"/>
</testsuite> <!-- Preference Center Galaxy S5 -->
