<?xml version="1.0" encoding="UTF-8"?>
<!-- Generated by org.testng.reporters.JUnitXMLReporter -->
<testsuite hostname="usnycpww9456.global.publicisgroupe.net" name="Preference Center" tests="5" failures="0" timestamp="12 Jan 2016 17:57:36 GMT" time="119.233" errors="0">
  <testcase name="invalidLogin" time="13.886" classname="brand.test.PreferenceCenter"/>
  <testcase name="validLogin" time="8.275" classname="brand.test.PreferenceCenter"/>
  <testcase name="resetPassword" time="23.561" classname="brand.test.PreferenceCenter"/>
  <testcase name="setPassword" time="21.348" classname="brand.test.PreferenceCenter"/>
  <testcase name="loginAndLogout" time="1.836" classname="brand.test.PreferenceCenter"/>
</testsuite> <!-- Preference Center -->
