<?xml version="1.0" encoding="UTF-8"?>
<!-- Generated by org.testng.reporters.JUnitXMLReporter -->
<testsuite hostname="usnycpww9456.global.publicisgroupe.net" name="Firefox 20 serevers" tests="1" failures="1" timestamp="4 Mar 2016 15:49:39 GMT" time="384.811" errors="0">
  <testcase name="@AfterMethod afterMethod_takeScreenshot" time="0.0" classname="event.listener.ClassWithListener">
    <failure type="java.io.IOException" message="Destination &amp;apos;/failed&amp;apos; directory cannot be created">
      <![CDATA[java.io.IOException: Destination '/failed' directory cannot be created
	at org.apache.commons.io.FileUtils.copyFile(FileUtils.java:1085)
	at org.apache.commons.io.FileUtils.copyFile(FileUtils.java:1038)
	at event.listener.ClassWithListener.afterMethod_takeScreenshot(ClassWithListener.java:324)
... Removed 29 stack frames]]>
    </failure>
  </testcase> <!-- @AfterMethod afterMethod_takeScreenshot -->
  <testcase name="beforeClass" time="380.581" classname="event.listener.ClassWithListener">
    <failure type="java.lang.ArrayIndexOutOfBoundsException" message="0">
      <![CDATA[java.lang.ArrayIndexOutOfBoundsException: 0
	at event.listener.ClassWithListener.beforeClass(ClassWithListener.java:112)
... Removed 27 stack frames]]>
    </failure>
  </testcase> <!-- beforeClass -->
</testsuite> <!-- Firefox 20 serevers -->
