<?xml version="1.0" encoding="UTF-8"?>
<!-- Generated by org.testng.reporters.JUnitXMLReporter -->
<testsuite hostname="usnycpww9456.global.publicisgroupe.net" name="Test" tests="2" failures="0" timestamp="3 Mar 2016 15:07:38 GMT" time="0.105" errors="0">
  <testcase name="@BeforeClass beforeClass" time="0.0" classname="event.listener.ClassWithListener">
    <failure type="org.testng.TestNGException" message="
Parameter &amp;apos;browser&amp;apos; is required by @Configuration on method beforeClass but has not been marked @Optional or defined
in /Users/pktqa/Desktop/BrandProduction/test/CadilacDareGreatly.xml">
      <![CDATA[org.testng.TestNGException: 
Parameter 'browser' is required by @Configuration on method beforeClass but has not been marked @Optional or defined
in /Users/pktqa/Desktop/BrandProduction/test/CadilacDareGreatly.xml
... Removed 24 stack frames]]>
    </failure>
  </testcase> <!-- @BeforeClass beforeClass -->
  <testcase name="@AfterMethod afterMethod_takeScreenshot" time="0.0" classname="event.listener.ClassWithListener">
    <failure type="java.lang.NullPointerException">
      <![CDATA[java.lang.NullPointerException
	at org.openqa.selenium.remote.Augmenter.extractRemoteWebDriver(Augmenter.java:66)
	at org.openqa.selenium.remote.BaseAugmenter.augment(BaseAugmenter.java:106)
	at event.listener.ClassWithListener.afterMethod_takeScreenshot(ClassWithListener.java:584)
... Removed 29 stack frames]]>
    </failure>
  </testcase> <!-- @AfterMethod afterMethod_takeScreenshot -->
  <testcase name="@AfterClass afterClass" time="0.0" classname="event.listener.ClassWithListener">
    <skipped/>
  </testcase> <!-- @AfterClass afterClass -->
  <testcase name="@AfterTest afterTest" time="0.0" classname="event.listener.ClassWithListener">
    <skipped/>
  </testcase> <!-- @AfterTest afterTest -->
  <testcase name="beforeClass" time="0.0" classname="event.listener.ClassWithListener">
    <skipped/>
  </testcase> <!-- beforeClass -->
  <testcase name="f" time="0.001" classname="event.listener.ClassWithListener">
    <skipped/>
  </testcase> <!-- f -->
</testsuite> <!-- Test -->
