<?xml version="1.0" encoding="UTF-8"?>
<!-- Generated by org.testng.reporters.JUnitXMLReporter -->
<testsuite hostname="usnycpww9456.global.publicisgroupe.net" name="Image Path" tests="1" failures="1" timestamp="7 Mar 2016 16:48:34 GMT" time="4.135" errors="0">
  <testcase name="getPath" time="4.119" classname="cadilac.dare.ImagePath">
    <failure type="java.lang.NullPointerException">
      <![CDATA[java.lang.NullPointerException
	at java.io.FileInputStream.<init>(FileInputStream.java:138)
	at java.io.FileInputStream.<init>(FileInputStream.java:101)
	at java.io.FileReader.<init>(FileReader.java:58)
	at cadilac.dare.ImagePath.getPath(ImagePath.java:38)
... Removed 27 stack frames]]>
    </failure>
  </testcase> <!-- getPath -->
</testsuite> <!-- Image Path -->
