<?xml version="1.0" encoding="UTF-8"?>
<!-- Generated by org.testng.reporters.JUnitXMLReporter -->
<testsuite hostname="usnycpww9456.global.publicisgroupe.net" name="Facebook Twitter Google plus" tests="1" failures="0" timestamp="22 Jan 2016 17:42:04 GMT" time="22.041" errors="0">
  <testcase name="@BeforeMethod beforeClass" time="0.0" classname="cadilac.dare.Articles">
    <failure type="java.lang.NullPointerException" message="null value in entry: url=null">
      <![CDATA[java.lang.NullPointerException: null value in entry: url=null
	at com.google.common.collect.CollectPreconditions.checkEntryNotNull(CollectPreconditions.java:33)
	at com.google.common.collect.SingletonImmutableBiMap.<init>(SingletonImmutableBiMap.java:39)
	at com.google.common.collect.ImmutableBiMap.of(ImmutableBiMap.java:57)
	at com.google.common.collect.ImmutableMap.of(ImmutableMap.java:80)
	at org.openqa.selenium.remote.RemoteWebDriver.get(RemoteWebDriver.java:311)
	at cadilac.dare.QuickView.beforeClass(QuickView.java:542)
... Removed 29 stack frames]]>
    </failure>
  </testcase> <!-- @BeforeMethod beforeClass -->
  <testcase name="brandArticle" time="0.0" classname="cadilac.dare.Articles">
    <skipped/>
  </testcase> <!-- brandArticle -->
</testsuite> <!-- Facebook Twitter Google plus -->
