<?xml version="1.0" encoding="UTF-8"?>
<testng-results skipped="0" failed="0" total="1" passed="1">
  <reporter-output>
  </reporter-output>
  <suite name="ImagePath" duration-ms="5496" started-at="2016-03-07T14:49:42Z" finished-at="2016-03-07T14:49:47Z">
    <groups>
    </groups>
    <test name="Image Path" duration-ms="5496" started-at="2016-03-07T14:49:42Z" finished-at="2016-03-07T14:49:47Z">
      <class name="cadilac.dare.ImagePath">
        <test-method status="PASS" signature="getPath()[pri:0, instance:cadilac.dare.ImagePath@6d7accc9]" name="getPath" duration-ms="5485" started-at="2016-03-07T09:49:42Z" finished-at="2016-03-07T09:49:47Z">
          <reporter-output>
          </reporter-output>
        </test-method> <!-- getPath -->
      </class> <!-- cadilac.dare.ImagePath -->
    </test> <!-- Image Path -->
  </suite> <!-- ImagePath -->
</testng-results>
