-------------------------------------------------------------------------------
Test set: TestSuite
-------------------------------------------------------------------------------
Tests run: 1, Failures: 1, Errors: 0, Skipped: 0, Time elapsed: 105.564 sec <<< FAILURE! - in TestSuite
brandArticle(staging.templates.LoopArticles)  Time elapsed: 69.431 sec  <<< FAILURE!
java.lang.NullPointerException
	at staging.templates.LoopArticles.brandArticle(LoopArticles.java:98)

