<?xml version="1.0" encoding="UTF-8"?>
<testng-results skipped="0" failed="0" total="1" passed="1">
  <reporter-output>
  </reporter-output>
  <suite name="Preference Center" duration-ms="121449" started-at="2016-02-22T20:37:54Z" finished-at="2016-02-22T20:39:55Z">
    <groups>
    </groups>
    <test name="Preference Center" duration-ms="121449" started-at="2016-02-22T20:37:54Z" finished-at="2016-02-22T20:39:55Z">
      <class name="brand.appium.ForgotPassword">
        <test-method status="PASS" signature="loadBrowserOnDevice()[pri:0, instance:brand.appium.ForgotPassword@7ec677d5]" name="loadBrowserOnDevice" is-config="true" duration-ms="15486" started-at="2016-02-22T15:37:54Z" finished-at="2016-02-22T15:38:09Z">
          <reporter-output>
          </reporter-output>
        </test-method> <!-- loadBrowserOnDevice -->
        <test-method status="PASS" signature="invalidLogin()[pri:0, instance:brand.appium.ForgotPassword@7ec677d5]" name="invalidLogin" duration-ms="103791" started-at="2016-02-22T15:38:09Z" finished-at="2016-02-22T15:39:53Z">
          <reporter-output>
          </reporter-output>
        </test-method> <!-- invalidLogin -->
        <test-method status="PASS" signature="afterMethod()[pri:0, instance:brand.appium.ForgotPassword@7ec677d5]" name="afterMethod" is-config="true" duration-ms="2161" started-at="2016-02-22T15:39:53Z" finished-at="2016-02-22T15:39:55Z">
          <reporter-output>
          </reporter-output>
        </test-method> <!-- afterMethod -->
      </class> <!-- brand.appium.ForgotPassword -->
    </test> <!-- Preference Center -->
  </suite> <!-- Preference Center -->
</testng-results>
