<?xml version="1.0" encoding="UTF-8"?>
<testsuite xmlns:xsi="http://www.w3.org/2001/XMLSchema-instance" xsi:schemaLocation="https://maven.apache.org/surefire/maven-surefire-plugin/xsd/surefire-test-report.xsd" name="TestSuite" time="22.548" tests="2" errors="0" skipped="1" failures="1">
  <properties>
[...]
</properties>
  <testcase name="beforeClass" classname="cadilac.dare.Articles" time="22.359">
    <failure message="null value in entry: url=null" type="java.lang.NullPointerException">java.lang.NullPointerException: null value in entry: url=null
</failure>
    <system-out><![CDATA[Let me run mobileGalaxyS3
Let me run IE10
Let me see which one get testedbrowserIE10
Let me see which one get testedRemoteWebDriver: internet explorer on WINDOWS (972c6bfe1dcfb72fe772c92cfd50cc350288eb18)
Let me see which one get tested browserIE10
]]></system-out>
  </testcase>
  <testcase name="brandArticle" classname="cadilac.dare.Articles" time="0">
    <skipped/>
  </testcase>
</testsuite>