<?xml version="1.0" encoding="UTF-8"?>
<!-- Generated by org.testng.reporters.JUnitXMLReporter -->
<testsuite hostname="usnycpww9456.global.publicisgroupe.net" name="Articles" tests="1" failures="1" timestamp="11 Feb 2016 16:43:55 GMT" time="104.687" errors="0">
  <testcase name="brandArticle" time="69.405" classname="staging.templates.LoopArticles">
    <failure type="java.lang.NullPointerException">
      <![CDATA[java.lang.NullPointerException
	at java.io.FileInputStream.<init>(FileInputStream.java:138)
	at java.io.FileInputStream.<init>(FileInputStream.java:101)
	at java.io.FileReader.<init>(FileReader.java:58)
	at staging.templates.LoopArticles.brandArticle(LoopArticles.java:98)
... Removed 27 stack frames]]>
    </failure>
  </testcase> <!-- brandArticle -->
</testsuite> <!-- Articles -->
