<?xml version="1.0" encoding="UTF-8"?>
<!-- Generated by org.testng.reporters.JUnitXMLReporter -->
<testsuite hostname="usnycpww9456.global.publicisgroupe.net" name="Brand Product Details" tests="1" failures="1" timestamp="7 Jan 2016 23:54:56 GMT" time="0.023" errors="0">
  <testcase name="registerPage" time="0.001" classname="shop.product.Products">
    <failure type="java.lang.NullPointerException">
      <![CDATA[java.lang.NullPointerException
	at shop.product.Products.registerPage(Products.java:146)
... Removed 27 stack frames]]>
    </failure>
  </testcase> <!-- registerPage -->
</testsuite> <!-- Brand Product Details -->
