<?xml version="1.0" encoding="UTF-8"?>
<!-- Generated by org.testng.reporters.JUnitXMLReporter -->
<testsuite hostname="usnycpww9456.global.publicisgroupe.net" name="Buy Now" tests="1" failures="0" timestamp="4 Jan 2016 22:48:17 GMT" time="10.75" errors="0">
  <testcase name="@BeforeClass beforeClass" time="0.0" classname="brand.test.BuyNow">
    <failure type="java.lang.NullPointerException" message="null value in entry: url=null">
      <![CDATA[java.lang.NullPointerException: null value in entry: url=null
	at com.google.common.collect.CollectPreconditions.checkEntryNotNull(CollectPreconditions.java:33)
	at com.google.common.collect.SingletonImmutableBiMap.<init>(SingletonImmutableBiMap.java:39)
	at com.google.common.collect.ImmutableBiMap.of(ImmutableBiMap.java:57)
	at com.google.common.collect.ImmutableMap.of(ImmutableMap.java:80)
	at org.openqa.selenium.remote.RemoteWebDriver.get(RemoteWebDriver.java:311)
	at brand.test.BuyNow.windows7IE10(BuyNow.java:109)
	at brand.test.BuyNow.beforeClass(BuyNow.java:83)
... Removed 27 stack frames]]>
    </failure>
  </testcase> <!-- @BeforeClass beforeClass -->
  <testcase name="previewErrors" time="0.0" classname="brand.test.BuyNow">
    <skipped/>
  </testcase> <!-- previewErrors -->
</testsuite> <!-- Buy Now -->
