<?xml version="1.0" encoding="UTF-8"?>
<!-- Generated by org.testng.reporters.JUnitXMLReporter -->
<testsuite hostname="usnycpww9456.global.publicisgroupe.net" name="Write Review" tests="3" failures="0" timestamp="12 Jan 2016 18:06:06 GMT" time="12.112" errors="0">
  <testcase name="@BeforeClass beforeClass" time="0.0" classname="brand.test.WriteReviewCrest">
    <failure type="java.lang.NullPointerException" message="null value in entry: url=null">
      <![CDATA[java.lang.NullPointerException: null value in entry: url=null
	at com.google.common.collect.CollectPreconditions.checkEntryNotNull(CollectPreconditions.java:33)
	at com.google.common.collect.SingletonImmutableBiMap.<init>(SingletonImmutableBiMap.java:39)
	at com.google.common.collect.ImmutableBiMap.of(ImmutableBiMap.java:57)
	at com.google.common.collect.ImmutableMap.of(ImmutableMap.java:80)
	at org.openqa.selenium.remote.RemoteWebDriver.get(RemoteWebDriver.java:311)
	at brand.test.WriteReviewCrest.windows7IE10(WriteReviewCrest.java:103)
	at brand.test.WriteReviewCrest.beforeClass(WriteReviewCrest.java:77)
... Removed 27 stack frames]]>
    </failure>
  </testcase> <!-- @BeforeClass beforeClass -->
  <testcase name="previewErrors" time="0.0" classname="brand.test.WriteReviewCrest">
    <skipped/>
  </testcase> <!-- previewErrors -->
  <testcase name="completeReview" time="0.0" classname="brand.test.WriteReviewCrest">
    <skipped/>
  </testcase> <!-- completeReview -->
  <testcase name="previewPopup" time="0.0" classname="brand.test.WriteReviewCrest">
    <skipped/>
  </testcase> <!-- previewPopup -->
</testsuite> <!-- Write Review -->
