<?xml version="1.0" encoding="UTF-8"?>
<testng-results skipped="0" failed="0" total="1" passed="1">
  <reporter-output>
  </reporter-output>
  <suite name="Default suite" duration-ms="69" started-at="2016-02-10T21:40:51Z" finished-at="2016-02-10T21:40:51Z">
    <groups>
    </groups>
    <test name="Default test" duration-ms="69" started-at="2016-02-10T21:40:51Z" finished-at="2016-02-10T21:40:51Z">
      <class name="citi.thankyou.Cart">
        <test-method status="PASS" signature="TestDrop()[pri:0, instance:citi.thankyou.Cart@63049cf]" name="TestDrop" duration-ms="15" started-at="2016-02-10T16:40:51Z" finished-at="2016-02-10T16:40:51Z">
          <reporter-output>
          </reporter-output>
        </test-method> <!-- TestDrop -->
      </class> <!-- citi.thankyou.Cart -->
    </test> <!-- Default test -->
  </suite> <!-- Default suite -->
</testng-results>
